<?xml version="1.0" encoding="UTF-8"?>
<!-- Generated by org.testng.reporters.JUnitXMLReporter -->
<testsuite hostname="DESKTOP-T59LTLF" ignored="0" name="Default test" tests="7" failures="0" timestamp="30 May 2019 03:15:42 GMT" time="196.226" errors="0">
  <testcase name="verifyAccountStatementDetails" time="9.467" classname="com.capsulecrm.testcases.AccountSettingTest"/>
  <testcase name="verifyIntegrationsDetails" time="1.335" classname="com.capsulecrm.testcases.AccountSettingTest"/>
  <testcase name="verifyOpportunitiesDetails" time="8.667" classname="com.capsulecrm.testcases.AccountSettingTest"/>
  <testcase name="verifyTagDetails" time="2.329" classname="com.capsulecrm.testcases.AccountSettingTest"/>
  <testcase name="verifyTaskCategoriesDetails" time="2.612" classname="com.capsulecrm.testcases.AccountSettingTest"/>
  <testcase name="verifyTracksDetails" time="12.346" classname="com.capsulecrm.testcases.AccountSettingTest"/>
  <testcase name="verifyUserstDetails" time="20.724" classname="com.capsulecrm.testcases.AccountSettingTest"/>
</testsuite> <!-- Default test -->
